<?xml version="1.0" encoding="UTF-8"?>
<!-- Generated by org.testng.reporters.JUnitReportReporter -->
<testsuite hostname="LAPTOP-RNTFED1U" failures="0" tests="10" name="com.mindtree.runner.BDDTestRunner" time="306.124" errors="0" timestamp="2022-01-18T02:08:04 IST" skipped="0">
  <testcase classname="com.mindtree.runner.BDDTestRunner" name="runScenario" time="21.892"/>
  <testcase classname="com.mindtree.runner.BDDTestRunner" name="runScenario" time="43.885"/>
  <testcase classname="com.mindtree.runner.BDDTestRunner" name="runScenario" time="26.474"/>
  <testcase classname="com.mindtree.runner.BDDTestRunner" name="runScenario" time="24.925"/>
  <testcase classname="com.mindtree.runner.BDDTestRunner" name="runScenario" time="51.205"/>
  <testcase classname="com.mindtree.runner.BDDTestRunner" name="runScenario" time="42.109"/>
  <testcase classname="com.mindtree.runner.BDDTestRunner" name="runScenario" time="18.070"/>
  <testcase classname="com.mindtree.runner.BDDTestRunner" name="runScenario" time="19.797"/>
  <testcase classname="com.mindtree.runner.BDDTestRunner" name="runScenario" time="20.612"/>
  <testcase classname="com.mindtree.runner.BDDTestRunner" name="runScenario" time="37.155"/>
</testsuite> <!-- com.mindtree.runner.BDDTestRunner -->
